<?xml version="1.0" encoding="UTF-8"?>
<coverage generated="1609861224152" clover="3.2.0">
  <project timestamp="1609861224152" name="All files">
    <metrics statements="5" coveredstatements="5" conditionals="6" coveredconditionals="5" methods="2" coveredmethods="2" elements="13" coveredelements="12" complexity="0" loc="5" ncloc="5" packages="1" files="1" classes="1"/>
    <file name="Calculator.vue" path="C:\Users\fabie\Documents\vueapp\src\components\Calculator.vue">
      <metrics statements="5" coveredstatements="5" conditionals="6" coveredconditionals="5" methods="2" coveredmethods="2"/>
      <line num="18" count="13" type="stmt"/>
      <line num="26" count="19" type="cond" truecount="2" falsecount="0"/>
      <line num="31" count="15" type="cond" truecount="1" falsecount="1"/>
      <line num="32" count="19" type="cond" truecount="2" falsecount="0"/>
      <line num="34" count="11" type="stmt"/>
    </file>
  </project>
</coverage>
